\BOOKMARK [1][-]{section.1}{\376\377\225\356\230\230\143\320\121\372}{}% 1
\BOOKMARK [1][-]{section.2}{\376\377\173\046\123\367\213\364\146\016\116\016\152\041\127\213\120\107\213\276}{}% 2
\BOOKMARK [1][-]{section.3}{\376\377\152\041\127\213\136\372\172\313\116\016\152\041\127\213\154\102\211\343}{}% 3
\BOOKMARK [2][-]{subsection.3.1}{\376\377\150\070\221\170\150\300\155\113\163\260\162\266\122\006\147\220}{section.3}% 4
\BOOKMARK [2][-]{subsection.3.2}{\376\377\000M\000o\000d\000e\000l\000\040\0001\060\000\136\046\147\103\221\315\166\204\174\173\000T\000O\000P\000S\000I\000S\213\304\116\367\213\304\117\060\152\041\127\213}{section.3}% 5
\BOOKMARK [3][-]{subsubsection.3.2.1}{\376\377\143\007\150\007\122\006\174\173\060\001\116\343\123\367\116\016\147\103\221\315}{subsection.3.2}% 6
\BOOKMARK [3][-]{subsubsection.3.2.2}{\376\377\176\337\213\241\145\160\143\156\210\150}{subsection.3.2}% 7
\BOOKMARK [3][-]{subsubsection.3.2.3}{\376\377\147\103\124\021\221\317\170\156\133\232}{subsection.3.2}% 8
\BOOKMARK [3][-]{subsubsection.3.2.4}{\376\377\143\007\150\007\166\204\153\143\124\021\123\026\377\010\124\014\215\213\122\277\123\026\377\011\131\004\164\006\060\002}{subsection.3.2}% 9
\BOOKMARK [3][-]{subsubsection.3.2.5}{\376\377\145\160\143\156\166\204\150\007\121\306\123\026\377\010\000S\000t\000a\000n\000d\000a\000r\000d\000i\000z\000a\000t\000i\000o\000n\377\011\116\016\137\122\116\000\123\026\377\010\000N\000o\000r\000m\000a\000l\000i\000z\000a\000t\000i\000o\000n\377\011}{subsection.3.2}% 10
\BOOKMARK [3][-]{subsubsection.3.2.6}{\376\377\170\156\133\232\147\000\117\030\124\021\221\317\000Z\000+\124\214\147\000\122\243\124\021\221\317\000Z\000-\377\014\121\166\116\055\116\072\000Z\000+\124\014\116\000\213\304\116\367\143\007\150\007\166\204\147\000\131\047\137\122\116\000\123\026\120\074\000,\200\014\000Z\000-\116\072\124\014\116\000\213\304\116\367\143\007\150\007\166\204\147\000\134\017\137\122\116\000\123\026\120\074\060\002}{subsection.3.2}% 11
\BOOKMARK [3][-]{subsubsection.3.2.7}{\376\377\213\241\173\227\124\004\143\007\150\007\116\016\164\006\140\363\211\343\123\312\215\037\164\006\140\363\211\343\166\204\122\240\147\103\153\047\121\340\221\314\137\227\215\335\171\273\377\010\000E\000u\000c\000l\000i\000d\000e\000a\000n\000\040\000d\000i\000s\000t\000a\000n\000c\000e\377\011\136\166\137\122\116\000\123\026\377\010\000N\000o\000r\000m\000a\000l\000i\000z\000a\000t\000i\000o\000n\377\011\136\166\213\241\173\227\122\240\147\103\136\163\127\107\120\074}{subsection.3.2}% 12
\BOOKMARK [2][-]{subsection.3.3}{\376\377\000O\000c\000t\000a\000v\000e\217\320\173\227\176\323\147\234}{section.3}% 13
\BOOKMARK [3][-]{subsubsection.3.3.1}{\376\377\176\323\213\272}{subsection.3.3}% 14
\BOOKMARK [2][-]{subsection.3.4}{\376\377\000M\000o\000d\000e\000l\000\040\0002\060\000\127\372\116\216\000A\000H\000P\377\010\000A\000n\000a\000l\000y\000t\000i\000c\000\040\000H\000i\000e\000r\000a\000r\000c\000h\000y\000\040\000P\000r\000o\000c\000e\000s\000s\377\011\166\204\122\240\147\103\000T\000O\000P\000S\000I\000S\213\304\116\367\152\041\127\213}{section.3}% 15
\BOOKMARK [3][-]{subsubsection.3.4.1}{\376\377\143\007\150\007\122\006\174\173\060\001\116\343\123\367\116\016\147\103\221\315}{subsection.3.4}% 16
\BOOKMARK [3][-]{subsubsection.3.4.2}{\376\377\176\337\213\241\145\160\143\156\210\150}{subsection.3.4}% 17
\BOOKMARK [3][-]{subsubsection.3.4.3}{\376\377\147\103\124\021\221\317\170\156\133\232}{subsection.3.4}% 18
\BOOKMARK [3][-]{subsubsection.3.4.4}{\376\377\143\007\150\007\166\204\153\143\124\021\123\026\377\010\124\014\215\213\122\277\123\026\377\011\131\004\164\006\060\002}{subsection.3.4}% 19
\BOOKMARK [3][-]{subsubsection.3.4.5}{\376\377\145\160\143\156\166\204\150\007\121\306\123\026\377\010\000S\000t\000a\000n\000d\000a\000r\000d\000i\000z\000a\000t\000i\000o\000n\377\011\116\016\137\122\116\000\123\026\377\010\000N\000o\000r\000m\000a\000l\000i\000z\000a\000t\000i\000o\000n\377\011}{subsection.3.4}% 20
\BOOKMARK [3][-]{subsubsection.3.4.6}{\376\377\170\156\133\232\147\000\117\030\124\021\221\317\000Z\000+\124\214\147\000\122\243\124\021\221\317\000Z\000-\377\014\121\166\116\055\116\072\000Z\000+\124\014\116\000\213\304\116\367\143\007\150\007\166\204\147\000\131\047\137\122\116\000\123\026\120\074\000,\200\014\000Z\000-\116\072\124\014\116\000\213\304\116\367\143\007\150\007\166\204\147\000\134\017\137\122\116\000\123\026\120\074\060\002}{subsection.3.4}% 21
\BOOKMARK [3][-]{subsubsection.3.4.7}{\376\377\213\241\173\227\124\004\143\007\150\007\116\016\164\006\140\363\211\343\123\312\215\037\164\006\140\363\211\343\166\204\122\240\147\103\153\047\121\340\221\314\137\227\215\335\171\273\377\010\000E\000u\000c\000l\000i\000d\000e\000a\000n\000\040\000d\000i\000s\000t\000a\000n\000c\000e\377\011\136\166\137\122\116\000\123\026\377\010\000N\000o\000r\000m\000a\000l\000i\000z\000a\000t\000i\000o\000n\377\011\136\166\213\241\173\227\122\240\147\103\136\163\127\107\120\074}{subsection.3.4}% 22
\BOOKMARK [2][-]{subsection.3.5}{\376\377\000O\000c\000t\000a\000v\000e\217\320\173\227\176\323\147\234}{section.3}% 23
\BOOKMARK [3][-]{subsubsection.3.5.1}{\376\377\176\323\213\272}{subsection.3.5}% 24
\BOOKMARK [2][-]{subsection.3.6}{\376\377\000M\000o\000d\000e\000l\000\040\0003\060\000\150\070\221\170\150\300\155\113\173\111\137\205\145\366\225\364\123\072\225\364\117\060\213\241\152\041\127\213}{section.3}% 25
\BOOKMARK [1][-]{section.4}{\376\377\176\323\213\272\116\016\170\024\172\166\145\271\124\021}{}% 26
\BOOKMARK [1][-]{section*.14}{\376\377\000A\000c\000k\000n\000o\000w\000l\000e\000d\000g\000e\000m\000e\000n\000t}{}% 27
\BOOKMARK [1][-]{section*.15}{\376\377\000R\000e\000f\000e\000r\000e\000n\000c\000e\000s}{}% 28
\BOOKMARK [1][-]{appendix.A}{\376\377\000M\000o\000d\000e\000l\000\040\0001\000\040\116\343\170\001}{}% 29
\BOOKMARK [1][-]{appendix.B}{\376\377\000M\000o\000d\000e\000l\000\040\0002\000\040\116\343\170\001}{}% 30
